<?xml version="1.0" encoding="UTF-8"?>
<testsuite xmlns:xsi="http://www.w3.org/2001/XMLSchema-instance" xsi:noNamespaceSchemaLocation="https://maven.apache.org/surefire/maven-surefire-plugin/xsd/surefire-test-report.xsd" name="com.webhook.Webhookgmail.WebhookGmailApplicationTests" time="1.98" tests="1" errors="0" skipped="0" failures="0">
  <properties>
    <property name="java.specification.version" value="17"/>
    <property name="sun.cpu.isalist" value="amd64"/>
    <property name="sun.jnu.encoding" value="Cp1252"/>
    <property name="java.class.path" value="C:\Users\s1\Downloads\Webhook-Gmail\Webhook-Gmail\target\test-classes;C:\Users\s1\Downloads\Webhook-Gmail\Webhook-Gmail\target\classes;C:\Users\s1\.m2\org\springframework\boot\spring-boot-starter-web\3.0.2\spring-boot-starter-web-3.0.2.jar;C:\Users\s1\.m2\org\springframework\boot\spring-boot-starter\3.0.2\spring-boot-starter-3.0.2.jar;C:\Users\s1\.m2\org\springframework\boot\spring-boot\3.0.2\spring-boot-3.0.2.jar;C:\Users\s1\.m2\org\springframework\boot\spring-boot-autoconfigure\3.0.2\spring-boot-autoconfigure-3.0.2.jar;C:\Users\s1\.m2\org\springframework\boot\spring-boot-starter-logging\3.0.2\spring-boot-starter-logging-3.0.2.jar;C:\Users\s1\.m2\ch\qos\logback\logback-classic\1.4.5\logback-classic-1.4.5.jar;C:\Users\s1\.m2\ch\qos\logback\logback-core\1.4.5\logback-core-1.4.5.jar;C:\Users\s1\.m2\org\apache\logging\log4j\log4j-to-slf4j\2.19.0\log4j-to-slf4j-2.19.0.jar;C:\Users\s1\.m2\org\apache\logging\log4j\log4j-api\2.19.0\log4j-api-2.19.0.jar;C:\Users\s1\.m2\org\slf4j\jul-to-slf4j\2.0.6\jul-to-slf4j-2.0.6.jar;C:\Users\s1\.m2\jakarta\annotation\jakarta.annotation-api\2.1.1\jakarta.annotation-api-2.1.1.jar;C:\Users\s1\.m2\org\yaml\snakeyaml\1.33\snakeyaml-1.33.jar;C:\Users\s1\.m2\org\springframework\boot\spring-boot-starter-json\3.0.2\spring-boot-starter-json-3.0.2.jar;C:\Users\s1\.m2\com\fasterxml\jackson\core\jackson-databind\2.14.1\jackson-databind-2.14.1.jar;C:\Users\s1\.m2\com\fasterxml\jackson\core\jackson-annotations\2.14.1\jackson-annotations-2.14.1.jar;C:\Users\s1\.m2\com\fasterxml\jackson\core\jackson-core\2.14.1\jackson-core-2.14.1.jar;C:\Users\s1\.m2\com\fasterxml\jackson\datatype\jackson-datatype-jdk8\2.14.1\jackson-datatype-jdk8-2.14.1.jar;C:\Users\s1\.m2\com\fasterxml\jackson\datatype\jackson-datatype-jsr310\2.14.1\jackson-datatype-jsr310-2.14.1.jar;C:\Users\s1\.m2\com\fasterxml\jackson\module\jackson-module-parameter-names\2.14.1\jackson-module-parameter-names-2.14.1.jar;C:\Users\s1\.m2\org\springframework\boot\spring-boot-starter-tomcat\3.0.2\spring-boot-starter-tomcat-3.0.2.jar;C:\Users\s1\.m2\org\apache\tomcat\embed\tomcat-embed-core\10.1.5\tomcat-embed-core-10.1.5.jar;C:\Users\s1\.m2\org\apache\tomcat\embed\tomcat-embed-el\10.1.5\tomcat-embed-el-10.1.5.jar;C:\Users\s1\.m2\org\apache\tomcat\embed\tomcat-embed-websocket\10.1.5\tomcat-embed-websocket-10.1.5.jar;C:\Users\s1\.m2\org\springframework\spring-web\6.0.4\spring-web-6.0.4.jar;C:\Users\s1\.m2\org\springframework\spring-beans\6.0.4\spring-beans-6.0.4.jar;C:\Users\s1\.m2\io\micrometer\micrometer-observation\1.10.3\micrometer-observation-1.10.3.jar;C:\Users\s1\.m2\io\micrometer\micrometer-commons\1.10.3\micrometer-commons-1.10.3.jar;C:\Users\s1\.m2\org\springframework\spring-webmvc\6.0.4\spring-webmvc-6.0.4.jar;C:\Users\s1\.m2\org\springframework\spring-aop\6.0.4\spring-aop-6.0.4.jar;C:\Users\s1\.m2\org\springframework\spring-context\6.0.4\spring-context-6.0.4.jar;C:\Users\s1\.m2\org\springframework\spring-expression\6.0.4\spring-expression-6.0.4.jar;C:\Users\s1\.m2\org\projectlombok\lombok\1.18.24\lombok-1.18.24.jar;C:\Users\s1\.m2\org\springframework\boot\spring-boot-starter-test\3.0.2\spring-boot-starter-test-3.0.2.jar;C:\Users\s1\.m2\org\springframework\boot\spring-boot-test\3.0.2\spring-boot-test-3.0.2.jar;C:\Users\s1\.m2\org\springframework\boot\spring-boot-test-autoconfigure\3.0.2\spring-boot-test-autoconfigure-3.0.2.jar;C:\Users\s1\.m2\com\jayway\jsonpath\json-path\2.7.0\json-path-2.7.0.jar;C:\Users\s1\.m2\net\minidev\json-smart\2.4.8\json-smart-2.4.8.jar;C:\Users\s1\.m2\net\minidev\accessors-smart\2.4.8\accessors-smart-2.4.8.jar;C:\Users\s1\.m2\org\ow2\asm\asm\9.1\asm-9.1.jar;C:\Users\s1\.m2\org\slf4j\slf4j-api\2.0.6\slf4j-api-2.0.6.jar;C:\Users\s1\.m2\jakarta\xml\bind\jakarta.xml.bind-api\4.0.0\jakarta.xml.bind-api-4.0.0.jar;C:\Users\s1\.m2\jakarta\activation\jakarta.activation-api\2.1.1\jakarta.activation-api-2.1.1.jar;C:\Users\s1\.m2\org\assertj\assertj-core\3.23.1\assertj-core-3.23.1.jar;C:\Users\s1\.m2\net\bytebuddy\byte-buddy\1.12.22\byte-buddy-1.12.22.jar;C:\Users\s1\.m2\org\hamcrest\hamcrest\2.2\hamcrest-2.2.jar;C:\Users\s1\.m2\org\junit\jupiter\junit-jupiter\5.9.2\junit-jupiter-5.9.2.jar;C:\Users\s1\.m2\org\junit\jupiter\junit-jupiter-api\5.9.2\junit-jupiter-api-5.9.2.jar;C:\Users\s1\.m2\org\opentest4j\opentest4j\1.2.0\opentest4j-1.2.0.jar;C:\Users\s1\.m2\org\junit\platform\junit-platform-commons\1.9.2\junit-platform-commons-1.9.2.jar;C:\Users\s1\.m2\org\apiguardian\apiguardian-api\1.1.2\apiguardian-api-1.1.2.jar;C:\Users\s1\.m2\org\junit\jupiter\junit-jupiter-params\5.9.2\junit-jupiter-params-5.9.2.jar;C:\Users\s1\.m2\org\junit\jupiter\junit-jupiter-engine\5.9.2\junit-jupiter-engine-5.9.2.jar;C:\Users\s1\.m2\org\junit\platform\junit-platform-engine\1.9.2\junit-platform-engine-1.9.2.jar;C:\Users\s1\.m2\org\mockito\mockito-core\4.8.1\mockito-core-4.8.1.jar;C:\Users\s1\.m2\net\bytebuddy\byte-buddy-agent\1.12.22\byte-buddy-agent-1.12.22.jar;C:\Users\s1\.m2\org\objenesis\objenesis\3.2\objenesis-3.2.jar;C:\Users\s1\.m2\org\mockito\mockito-junit-jupiter\4.8.1\mockito-junit-jupiter-4.8.1.jar;C:\Users\s1\.m2\org\skyscreamer\jsonassert\1.5.1\jsonassert-1.5.1.jar;C:\Users\s1\.m2\com\vaadin\external\google\android-json\0.0.20131108.vaadin1\android-json-0.0.20131108.vaadin1.jar;C:\Users\s1\.m2\org\springframework\spring-core\6.0.4\spring-core-6.0.4.jar;C:\Users\s1\.m2\org\springframework\spring-jcl\6.0.4\spring-jcl-6.0.4.jar;C:\Users\s1\.m2\org\springframework\spring-test\6.0.4\spring-test-6.0.4.jar;C:\Users\s1\.m2\org\xmlunit\xmlunit-core\2.9.1\xmlunit-core-2.9.1.jar;"/>
    <property name="java.vm.vendor" value="Eclipse Adoptium"/>
    <property name="sun.arch.data.model" value="64"/>
    <property name="user.variant" value=""/>
    <property name="java.vendor.url" value="https://adoptium.net/"/>
    <property name="user.timezone" value="Asia/Calcutta"/>
    <property name="os.name" value="Windows 10"/>
    <property name="java.vm.specification.version" value="17"/>
    <property name="sun.java.launcher" value="SUN_STANDARD"/>
    <property name="user.country" value="US"/>
    <property name="sun.boot.library.path" value="C:\Users\s1\Downloads\eclipse-jee-2022-09-R-win32-x86_64\eclipse\plugins\org.eclipse.justj.openjdk.hotspot.jre.full.win32.x86_64_17.0.4.v20220903-1038\jre\bin"/>
    <property name="sun.java.command" value="C:\Users\s1\AppData\Local\Temp\surefire7209161178457476177\surefirebooter6530539578917823649.jar C:\Users\s1\AppData\Local\Temp\surefire7209161178457476177 2023-02-20T21-12-36_220-jvmRun1 surefire9042598778205082209tmp surefire_01345132970887196685tmp"/>
    <property name="jdk.debug" value="release"/>
    <property name="surefire.test.class.path" value="C:\Users\s1\Downloads\Webhook-Gmail\Webhook-Gmail\target\test-classes;C:\Users\s1\Downloads\Webhook-Gmail\Webhook-Gmail\target\classes;C:\Users\s1\.m2\org\springframework\boot\spring-boot-starter-web\3.0.2\spring-boot-starter-web-3.0.2.jar;C:\Users\s1\.m2\org\springframework\boot\spring-boot-starter\3.0.2\spring-boot-starter-3.0.2.jar;C:\Users\s1\.m2\org\springframework\boot\spring-boot\3.0.2\spring-boot-3.0.2.jar;C:\Users\s1\.m2\org\springframework\boot\spring-boot-autoconfigure\3.0.2\spring-boot-autoconfigure-3.0.2.jar;C:\Users\s1\.m2\org\springframework\boot\spring-boot-starter-logging\3.0.2\spring-boot-starter-logging-3.0.2.jar;C:\Users\s1\.m2\ch\qos\logback\logback-classic\1.4.5\logback-classic-1.4.5.jar;C:\Users\s1\.m2\ch\qos\logback\logback-core\1.4.5\logback-core-1.4.5.jar;C:\Users\s1\.m2\org\apache\logging\log4j\log4j-to-slf4j\2.19.0\log4j-to-slf4j-2.19.0.jar;C:\Users\s1\.m2\org\apache\logging\log4j\log4j-api\2.19.0\log4j-api-2.19.0.jar;C:\Users\s1\.m2\org\slf4j\jul-to-slf4j\2.0.6\jul-to-slf4j-2.0.6.jar;C:\Users\s1\.m2\jakarta\annotation\jakarta.annotation-api\2.1.1\jakarta.annotation-api-2.1.1.jar;C:\Users\s1\.m2\org\yaml\snakeyaml\1.33\snakeyaml-1.33.jar;C:\Users\s1\.m2\org\springframework\boot\spring-boot-starter-json\3.0.2\spring-boot-starter-json-3.0.2.jar;C:\Users\s1\.m2\com\fasterxml\jackson\core\jackson-databind\2.14.1\jackson-databind-2.14.1.jar;C:\Users\s1\.m2\com\fasterxml\jackson\core\jackson-annotations\2.14.1\jackson-annotations-2.14.1.jar;C:\Users\s1\.m2\com\fasterxml\jackson\core\jackson-core\2.14.1\jackson-core-2.14.1.jar;C:\Users\s1\.m2\com\fasterxml\jackson\datatype\jackson-datatype-jdk8\2.14.1\jackson-datatype-jdk8-2.14.1.jar;C:\Users\s1\.m2\com\fasterxml\jackson\datatype\jackson-datatype-jsr310\2.14.1\jackson-datatype-jsr310-2.14.1.jar;C:\Users\s1\.m2\com\fasterxml\jackson\module\jackson-module-parameter-names\2.14.1\jackson-module-parameter-names-2.14.1.jar;C:\Users\s1\.m2\org\springframework\boot\spring-boot-starter-tomcat\3.0.2\spring-boot-starter-tomcat-3.0.2.jar;C:\Users\s1\.m2\org\apache\tomcat\embed\tomcat-embed-core\10.1.5\tomcat-embed-core-10.1.5.jar;C:\Users\s1\.m2\org\apache\tomcat\embed\tomcat-embed-el\10.1.5\tomcat-embed-el-10.1.5.jar;C:\Users\s1\.m2\org\apache\tomcat\embed\tomcat-embed-websocket\10.1.5\tomcat-embed-websocket-10.1.5.jar;C:\Users\s1\.m2\org\springframework\spring-web\6.0.4\spring-web-6.0.4.jar;C:\Users\s1\.m2\org\springframework\spring-beans\6.0.4\spring-beans-6.0.4.jar;C:\Users\s1\.m2\io\micrometer\micrometer-observation\1.10.3\micrometer-observation-1.10.3.jar;C:\Users\s1\.m2\io\micrometer\micrometer-commons\1.10.3\micrometer-commons-1.10.3.jar;C:\Users\s1\.m2\org\springframework\spring-webmvc\6.0.4\spring-webmvc-6.0.4.jar;C:\Users\s1\.m2\org\springframework\spring-aop\6.0.4\spring-aop-6.0.4.jar;C:\Users\s1\.m2\org\springframework\spring-context\6.0.4\spring-context-6.0.4.jar;C:\Users\s1\.m2\org\springframework\spring-expression\6.0.4\spring-expression-6.0.4.jar;C:\Users\s1\.m2\org\projectlombok\lombok\1.18.24\lombok-1.18.24.jar;C:\Users\s1\.m2\org\springframework\boot\spring-boot-starter-test\3.0.2\spring-boot-starter-test-3.0.2.jar;C:\Users\s1\.m2\org\springframework\boot\spring-boot-test\3.0.2\spring-boot-test-3.0.2.jar;C:\Users\s1\.m2\org\springframework\boot\spring-boot-test-autoconfigure\3.0.2\spring-boot-test-autoconfigure-3.0.2.jar;C:\Users\s1\.m2\com\jayway\jsonpath\json-path\2.7.0\json-path-2.7.0.jar;C:\Users\s1\.m2\net\minidev\json-smart\2.4.8\json-smart-2.4.8.jar;C:\Users\s1\.m2\net\minidev\accessors-smart\2.4.8\accessors-smart-2.4.8.jar;C:\Users\s1\.m2\org\ow2\asm\asm\9.1\asm-9.1.jar;C:\Users\s1\.m2\org\slf4j\slf4j-api\2.0.6\slf4j-api-2.0.6.jar;C:\Users\s1\.m2\jakarta\xml\bind\jakarta.xml.bind-api\4.0.0\jakarta.xml.bind-api-4.0.0.jar;C:\Users\s1\.m2\jakarta\activation\jakarta.activation-api\2.1.1\jakarta.activation-api-2.1.1.jar;C:\Users\s1\.m2\org\assertj\assertj-core\3.23.1\assertj-core-3.23.1.jar;C:\Users\s1\.m2\net\bytebuddy\byte-buddy\1.12.22\byte-buddy-1.12.22.jar;C:\Users\s1\.m2\org\hamcrest\hamcrest\2.2\hamcrest-2.2.jar;C:\Users\s1\.m2\org\junit\jupiter\junit-jupiter\5.9.2\junit-jupiter-5.9.2.jar;C:\Users\s1\.m2\org\junit\jupiter\junit-jupiter-api\5.9.2\junit-jupiter-api-5.9.2.jar;C:\Users\s1\.m2\org\opentest4j\opentest4j\1.2.0\opentest4j-1.2.0.jar;C:\Users\s1\.m2\org\junit\platform\junit-platform-commons\1.9.2\junit-platform-commons-1.9.2.jar;C:\Users\s1\.m2\org\apiguardian\apiguardian-api\1.1.2\apiguardian-api-1.1.2.jar;C:\Users\s1\.m2\org\junit\jupiter\junit-jupiter-params\5.9.2\junit-jupiter-params-5.9.2.jar;C:\Users\s1\.m2\org\junit\jupiter\junit-jupiter-engine\5.9.2\junit-jupiter-engine-5.9.2.jar;C:\Users\s1\.m2\org\junit\platform\junit-platform-engine\1.9.2\junit-platform-engine-1.9.2.jar;C:\Users\s1\.m2\org\mockito\mockito-core\4.8.1\mockito-core-4.8.1.jar;C:\Users\s1\.m2\net\bytebuddy\byte-buddy-agent\1.12.22\byte-buddy-agent-1.12.22.jar;C:\Users\s1\.m2\org\objenesis\objenesis\3.2\objenesis-3.2.jar;C:\Users\s1\.m2\org\mockito\mockito-junit-jupiter\4.8.1\mockito-junit-jupiter-4.8.1.jar;C:\Users\s1\.m2\org\skyscreamer\jsonassert\1.5.1\jsonassert-1.5.1.jar;C:\Users\s1\.m2\com\vaadin\external\google\android-json\0.0.20131108.vaadin1\android-json-0.0.20131108.vaadin1.jar;C:\Users\s1\.m2\org\springframework\spring-core\6.0.4\spring-core-6.0.4.jar;C:\Users\s1\.m2\org\springframework\spring-jcl\6.0.4\spring-jcl-6.0.4.jar;C:\Users\s1\.m2\org\springframework\spring-test\6.0.4\spring-test-6.0.4.jar;C:\Users\s1\.m2\org\xmlunit\xmlunit-core\2.9.1\xmlunit-core-2.9.1.jar;"/>
    <property name="sun.cpu.endian" value="little"/>
    <property name="user.home" value="C:\Users\s1"/>
    <property name="user.language" value="en"/>
    <property name="java.specification.vendor" value="Oracle Corporation"/>
    <property name="java.version.date" value="2022-08-12"/>
    <property name="java.home" value="C:\Users\s1\Downloads\eclipse-jee-2022-09-R-win32-x86_64\eclipse\plugins\org.eclipse.justj.openjdk.hotspot.jre.full.win32.x86_64_17.0.4.v20220903-1038\jre"/>
    <property name="file.separator" value="\"/>
    <property name="style.color" value="always"/>
    <property name="basedir" value="C:\Users\s1\Downloads\Webhook-Gmail\Webhook-Gmail"/>
    <property name="java.vm.compressedOopsMode" value="Zero based"/>
    <property name="line.separator" value="&#10;"/>
    <property name="java.vm.specification.vendor" value="Oracle Corporation"/>
    <property name="java.specification.name" value="Java Platform API Specification"/>
    <property name="surefire.real.class.path" value="C:\Users\s1\AppData\Local\Temp\surefire7209161178457476177\surefirebooter6530539578917823649.jar"/>
    <property name="user.script" value=""/>
    <property name="sun.management.compiler" value="HotSpot 64-Bit Tiered Compilers"/>
    <property name="java.runtime.version" value="17.0.4.1+1"/>
    <property name="user.name" value="s1"/>
    <property name="path.separator" value=";"/>
    <property name="os.version" value="10.0"/>
    <property name="java.runtime.name" value="OpenJDK Runtime Environment"/>
    <property name="file.encoding" value="Cp1252"/>
    <property name="java.vm.name" value="OpenJDK 64-Bit Server VM"/>
    <property name="java.vendor.version" value="Temurin-17.0.4.1+1"/>
    <property name="localRepository" value="C:\Users\s1\.m2"/>
    <property name="java.vendor.url.bug" value="https://github.com/adoptium/adoptium-support/issues"/>
    <property name="java.io.tmpdir" value="C:\Users\s1\AppData\Local\Temp\"/>
    <property name="java.version" value="17.0.4.1"/>
    <property name="user.dir" value="C:\Users\s1\Downloads\Webhook-Gmail\Webhook-Gmail"/>
    <property name="os.arch" value="amd64"/>
    <property name="java.vm.specification.name" value="Java Virtual Machine Specification"/>
    <property name="sun.os.patch.level" value=""/>
    <property name="native.encoding" value="Cp1252"/>
    <property name="java.library.path" value="C:\Users\s1\Downloads\eclipse-jee-2022-09-R-win32-x86_64\eclipse\plugins\org.eclipse.justj.openjdk.hotspot.jre.full.win32.x86_64_17.0.4.v20220903-1038\jre\bin;C:\windows\Sun\Java\bin;C:\windows\system32;C:\windows;C:/Users/s1/Downloads/eclipse-jee-2022-09-R-win32-x86_64/eclipse//plugins/org.eclipse.justj.openjdk.hotspot.jre.full.win32.x86_64_17.0.4.v20220903-1038/jre/bin/server;C:/Users/s1/Downloads/eclipse-jee-2022-09-R-win32-x86_64/eclipse//plugins/org.eclipse.justj.openjdk.hotspot.jre.full.win32.x86_64_17.0.4.v20220903-1038/jre/bin;C:\Program Files\Python310\Scripts\;C:\Program Files\Python310\;C:\windows\system32;C:\windows;C:\windows\System32\Wbem;C:\Program Files\Java\jdk-11.0.15.1\bin;C:\windows\System32\WindowsPowerShell\v1.0\;C:\windows\System32\OpenSSH\;C:\Program Files\Git\cmd;C:\Program Files\apache-maven-3.6.3-bin\apache-maven-3.6.3\bin;C:\Program Files\nodejs\;C:\Program Files\Docker\Docker\resources\bin;C:\Program Files\MySQL\MySQL Shell 8.0\bin\;C:\Users\s1\AppData\Local\Microsoft\WindowsApps;C:\Users\s1\AppData\Local\Programs\Microsoft VS Code\bin;C:\Users\s1\AppData\Roaming\npm;C:\Users\s1\AppData\Local\Programs\Fiddler;C:\Program Files\JetBrains\IntelliJ IDEA Community Edition 2022.3.2\bin;;C:\Users\s1\Downloads\eclipse-jee-2022-09-R-win32-x86_64\eclipse;;."/>
    <property name="java.vm.info" value="mixed mode"/>
    <property name="java.vendor" value="Eclipse Adoptium"/>
    <property name="java.vm.version" value="17.0.4.1+1"/>
    <property name="sun.io.unicode.encoding" value="UnicodeLittle"/>
    <property name="java.class.version" value="61.0"/>
  </properties>
  <testcase name="contextLoads" classname="com.webhook.Webhookgmail.WebhookGmailApplicationTests" time="0.415"/>
</testsuite>